<?xml version="1.0" encoding="UTF-8"?>
<!-- Generated by org.testng.reporters.JUnitReportReporter -->
<testsuite hostname="DESKTOP-6DRS0JN" failures="0" tests="1" name="org.quote.mobileMDATests.CarInsuranceComparison" time="260.305" errors="0" timestamp="22 Mar 2022 21:11:22 GMT">
  <testcase classname="org.quote.mobileMDATests.CarInsuranceComparison" name="validate_SiteURLs" time="260.305"/>
</testsuite> <!-- org.quote.mobileMDATests.CarInsuranceComparison -->
