<?xml version="1.0" encoding="UTF-8"?>
<!-- Generated by org.testng.reporters.JUnitReportReporter -->
<testsuite hostname="DESKTOP-6DRS0JN" failures="0" tests="3" name="org.temp.testNGdemo.CheckMDADemo" time="15.208" errors="0" timestamp="9 Feb 2022 02:54:19 GMT">
  <testcase classname="org.temp.testNGdemo.CheckMDADemo" name="todoTest" time="4.654"/>
  <testcase classname="org.temp.testNGdemo.CheckMDADemo" name="todoTest" time="4.341"/>
  <testcase classname="org.temp.testNGdemo.CheckMDADemo" name="todoTest" time="6.213"/>
</testsuite> <!-- org.temp.testNGdemo.CheckMDADemo -->
