<?xml version="1.0" encoding="UTF-8"?>
<!-- Generated by org.testng.reporters.JUnitReportReporter -->
<testsuite hostname="DESKTOP-6DRS0JN" failures="0" tests="2" name="org.quote.mobileMDATests.QuoteInspector" time="275.060" errors="0" timestamp="21 Feb 2022 23:33:02 GMT">
  <testcase classname="org.quote.mobileMDATests.QuoteInspector" name="validate_SiteURLs" time="130.121"/>
  <testcase classname="org.quote.mobileMDATests.QuoteInspector" name="validate_SiteURLs" time="144.939"/>
</testsuite> <!-- org.quote.mobileMDATests.QuoteInspector -->
