<?xml version="1.0" encoding="UTF-8"?>
<!-- Generated by org.testng.reporters.JUnitReportReporter -->
<testsuite hostname="DESKTOP-6DRS0JN" failures="0" tests="1" name="org.quote.deskTopMDATests.PetInsuranceU" time="190.878" errors="0" timestamp="21 Mar 2022 16:39:09 GMT">
  <testcase classname="org.quote.deskTopMDATests.PetInsuranceU" name="validate_SiteURLs" time="190.878"/>
</testsuite> <!-- org.quote.deskTopMDATests.PetInsuranceU -->
