<?xml version="1.0" encoding="UTF-8"?>
<!-- Generated by org.testng.reporters.JUnitReportReporter -->
<testsuite hostname="DESKTOP-6DRS0JN" failures="0" tests="1" name="com.quote.dropDown.mobileMDATests.InsuranceProviders" time="854.991" errors="0" timestamp="1 Apr 2022 15:21:13 GMT">
  <testcase classname="com.quote.dropDown.mobileMDATests.InsuranceProviders" name="validate_SiteURLs" time="854.991"/>
</testsuite> <!-- com.quote.dropDown.mobileMDATests.InsuranceProviders -->
