<?xml version="1.0" encoding="UTF-8"?>
<!-- Generated by org.testng.reporters.JUnitReportReporter -->
<testsuite hostname="DESKTOP-6DRS0JN" failures="0" tests="4" name="org.quote.deskTopMDATests.CompareCarInsurance" time="684.140" errors="0" timestamp="1 Mar 2022 22:03:46 GMT">
  <testcase classname="org.quote.deskTopMDATests.CompareCarInsurance" name="validate_SiteURLs" time="171.732"/>
  <testcase classname="org.quote.deskTopMDATests.CompareCarInsurance" name="validate_SiteURLs" time="170.190"/>
  <testcase classname="org.quote.deskTopMDATests.CompareCarInsurance" name="validate_SiteURLs" time="185.447"/>
  <testcase classname="org.quote.deskTopMDATests.CompareCarInsurance" name="validate_SiteURLs" time="156.771"/>
</testsuite> <!-- org.quote.deskTopMDATests.CompareCarInsurance -->
