<?xml version="1.0" encoding="UTF-8"?>
<!-- Generated by org.testng.reporters.JUnitReportReporter -->
<testsuite hostname="DESKTOP-6DRS0JN" failures="0" tests="4" name="org.quote.deskTopMDATests.AutoinsureSavings" time="753.879" errors="0" timestamp="1 Mar 2022 19:32:39 GMT">
  <testcase classname="org.quote.deskTopMDATests.AutoinsureSavings" name="validate_SiteURLs" time="193.840"/>
  <testcase classname="org.quote.deskTopMDATests.AutoinsureSavings" name="validate_SiteURLs" time="194.048"/>
  <testcase classname="org.quote.deskTopMDATests.AutoinsureSavings" name="validate_SiteURLs" time="177.803"/>
  <testcase classname="org.quote.deskTopMDATests.AutoinsureSavings" name="validate_SiteURLs" time="188.188"/>
</testsuite> <!-- org.quote.deskTopMDATests.AutoinsureSavings -->
