<?xml version="1.0" encoding="UTF-8"?>
<!-- Generated by org.testng.reporters.JUnitReportReporter -->
<testsuite hostname="DESKTOP-6DRS0JN" failures="0" tests="1" name="org.quote.deskTopMDATests.CheapCarInsuranceQuotes" time="385.526" errors="0" timestamp="22 Mar 2022 13:57:38 GMT">
  <testcase classname="org.quote.deskTopMDATests.CheapCarInsuranceQuotes" name="validate_SiteURLs" time="385.526"/>
</testsuite> <!-- org.quote.deskTopMDATests.CheapCarInsuranceQuotes -->
