<?xml version="1.0" encoding="UTF-8"?>
<!-- Generated by org.testng.reporters.JUnitReportReporter -->
<testsuite hostname="DESKTOP-6DRS0JN" failures="0" tests="1" name="org.quote.mobileMDATests.QuoteInspector" time="188.266" errors="0" timestamp="22 Mar 2022 21:11:22 GMT">
  <testcase classname="org.quote.mobileMDATests.QuoteInspector" name="validate_SiteURLs" time="188.266"/>
</testsuite> <!-- org.quote.mobileMDATests.QuoteInspector -->
