<?xml version="1.0" encoding="UTF-8"?>
<!-- Generated by org.testng.reporters.JUnitReportReporter -->
<testsuite hostname="DESKTOP-6DRS0JN" failures="0" tests="1" name="org.quote.deskTopMDATests.QuoteInspector" time="61.408" errors="0" timestamp="22 Mar 2022 18:58:34 GMT">
  <testcase classname="org.quote.deskTopMDATests.QuoteInspector" name="validate_SiteURLs" time="61.408"/>
</testsuite> <!-- org.quote.deskTopMDATests.QuoteInspector -->
