<?xml version="1.0" encoding="UTF-8"?>
<!-- Generated by org.testng.reporters.JUnitReportReporter -->
<testsuite hostname="DESKTOP-6DRS0JN" failures="0" tests="4" name="org.quote.deskTopMDATests.CarInsurance101" time="704.213" errors="0" timestamp="1 Mar 2022 20:34:13 GMT">
  <testcase classname="org.quote.deskTopMDATests.CarInsurance101" name="validate_SiteURLs" time="172.070"/>
  <testcase classname="org.quote.deskTopMDATests.CarInsurance101" name="validate_SiteURLs" time="188.107"/>
  <testcase classname="org.quote.deskTopMDATests.CarInsurance101" name="validate_SiteURLs" time="161.281"/>
  <testcase classname="org.quote.deskTopMDATests.CarInsurance101" name="validate_SiteURLs" time="182.755"/>
</testsuite> <!-- org.quote.deskTopMDATests.CarInsurance101 -->
