<?xml version="1.0" encoding="UTF-8"?>
<!-- Generated by org.testng.reporters.JUnitReportReporter -->
<testsuite hostname="DESKTOP-6DRS0JN" failures="0" tests="4" name="org.quote.deskTopMDATests.CarInsuranceCompaniesDOTNet" time="806.537" errors="0" timestamp="1 Mar 2022 21:22:30 GMT">
  <testcase classname="org.quote.deskTopMDATests.CarInsuranceCompaniesDOTNet" name="validate_SiteURLs" time="209.197"/>
  <testcase classname="org.quote.deskTopMDATests.CarInsuranceCompaniesDOTNet" name="validate_SiteURLs" time="193.434"/>
  <testcase classname="org.quote.deskTopMDATests.CarInsuranceCompaniesDOTNet" name="validate_SiteURLs" time="196.630"/>
  <testcase classname="org.quote.deskTopMDATests.CarInsuranceCompaniesDOTNet" name="validate_SiteURLs" time="207.276"/>
</testsuite> <!-- org.quote.deskTopMDATests.CarInsuranceCompaniesDOTNet -->
