<?xml version="1.0" encoding="UTF-8"?>
<!-- Generated by org.testng.reporters.JUnitReportReporter -->
<testsuite hostname="DESKTOP-6DRS0JN" failures="0" tests="1" name="org.quote.mobileMDATests.LifeInsurancePost" time="185.235" errors="0" timestamp="23 Mar 2022 12:29:52 GMT">
  <testcase classname="org.quote.mobileMDATests.LifeInsurancePost" name="validate_SiteURLs" time="185.235"/>
</testsuite> <!-- org.quote.mobileMDATests.LifeInsurancePost -->
