<?xml version="1.0" encoding="UTF-8"?>
<!-- Generated by org.testng.reporters.JUnitReportReporter -->
<testsuite hostname="DESKTOP-6DRS0JN" failures="0" tests="1" name="org.quote.mobileMDATests.BuyAutoInsurance" time="133.873" errors="0" timestamp="22 Mar 2022 21:11:22 GMT">
  <testcase classname="org.quote.mobileMDATests.BuyAutoInsurance" name="validate_SiteURLs" time="133.873"/>
</testsuite> <!-- org.quote.mobileMDATests.BuyAutoInsurance -->
