<?xml version="1.0" encoding="UTF-8"?>
<!-- Generated by org.testng.reporters.JUnitReportReporter -->
<testsuite hostname="DESKTOP-6DRS0JN" failures="0" tests="1" name="com.quote.dropDown.deskTopMDATests.InsuranceProviders" time="696.885" errors="0" timestamp="1 Apr 2022 18:59:18 GMT">
  <testcase classname="com.quote.dropDown.deskTopMDATests.InsuranceProviders" name="validate_SiteURLs" time="696.885"/>
</testsuite> <!-- com.quote.dropDown.deskTopMDATests.InsuranceProviders -->
