<?xml version="1.0" encoding="UTF-8"?>
<!-- Generated by org.testng.reporters.JUnitReportReporter -->
<testsuite hostname="DESKTOP-6DRS0JN" failures="0" tests="1" name="org.quote.mobileMDATests.GapInsuranceQuotes" time="188.527" errors="0" timestamp="23 Mar 2022 12:29:52 GMT">
  <testcase classname="org.quote.mobileMDATests.GapInsuranceQuotes" name="validate_SiteURLs" time="188.527"/>
</testsuite> <!-- org.quote.mobileMDATests.GapInsuranceQuotes -->
