<?xml version="1.0" encoding="UTF-8"?>
<!-- Generated by org.testng.reporters.JUnitReportReporter -->
<testsuite hostname="DESKTOP-6DRS0JN" failures="0" tests="1" name="org.quote.deskTopMDATests.FloridaCarInsurance" time="190.430" errors="0" timestamp="21 Mar 2022 18:49:34 GMT">
  <testcase classname="org.quote.deskTopMDATests.FloridaCarInsurance" name="validate_SiteURLs" time="190.430"/>
</testsuite> <!-- org.quote.deskTopMDATests.FloridaCarInsurance -->
