<?xml version="1.0" encoding="UTF-8"?>
<!-- Generated by org.testng.reporters.JUnitReportReporter -->
<testsuite hostname="DESKTOP-6DRS0JN" failures="0" tests="1" name="org.quote.deskTopMDATests.SR22InsuranceQuotes" time="175.968" errors="0" timestamp="21 Mar 2022 16:39:09 GMT">
  <testcase classname="org.quote.deskTopMDATests.SR22InsuranceQuotes" name="validate_SiteURLs" time="175.968"/>
</testsuite> <!-- org.quote.deskTopMDATests.SR22InsuranceQuotes -->
