<?xml version="1.0" encoding="UTF-8"?>
<!-- Generated by org.testng.reporters.JUnitReportReporter -->
<testsuite hostname="DESKTOP-6DRS0JN" failures="0" tests="2" name="org.quote.mobileMDATests.AutoinsureSavings" time="295.146" errors="0" timestamp="22 Feb 2022 00:02:41 GMT">
  <testcase classname="org.quote.mobileMDATests.AutoinsureSavings" name="validate_SiteURLs" time="112.123"/>
  <testcase classname="org.quote.mobileMDATests.AutoinsureSavings" name="validate_SiteURLs" time="183.023"/>
</testsuite> <!-- org.quote.mobileMDATests.AutoinsureSavings -->
