<?xml version="1.0" encoding="UTF-8"?>
<!-- Generated by org.testng.reporters.JUnitReportReporter -->
<testsuite hostname="DESKTOP-6DRS0JN" failures="0" tests="1" name="org.quote.mobileMDATests.AutoInsurance" time="436.266" errors="0" timestamp="23 Mar 2022 13:46:52 GMT">
  <testcase classname="org.quote.mobileMDATests.AutoInsurance" name="validate_SiteURLs" time="436.266"/>
</testsuite> <!-- org.quote.mobileMDATests.AutoInsurance -->
