<?xml version="1.0" encoding="UTF-8"?>
<!-- Generated by org.testng.reporters.JUnitReportReporter -->
<testsuite hostname="DESKTOP-6DRS0JN" failures="0" tests="1" name="com.quote.dropDown.deskTopMDATests.TheTruthAboutInsurance" time="329.583" errors="0" timestamp="12 Mar 2022 04:02:32 GMT">
  <testcase classname="com.quote.dropDown.deskTopMDATests.TheTruthAboutInsurance" name="validate_SiteURLs" time="329.583"/>
</testsuite> <!-- com.quote.dropDown.deskTopMDATests.TheTruthAboutInsurance -->
