<?xml version="1.0" encoding="UTF-8"?>
<!-- Generated by org.testng.reporters.JUnitReportReporter -->
<testsuite hostname="DESKTOP-6DRS0JN" failures="0" tests="1" name="org.quote.deskTopMDATests.TopQuoteLifeInsurance" time="202.156" errors="0" timestamp="21 Mar 2022 16:39:09 GMT">
  <testcase classname="org.quote.deskTopMDATests.TopQuoteLifeInsurance" name="validate_SiteURLs" time="202.156"/>
</testsuite> <!-- org.quote.deskTopMDATests.TopQuoteLifeInsurance -->
