<?xml version="1.0" encoding="UTF-8"?>
<!-- Generated by org.testng.reporters.JUnitReportReporter -->
<testsuite hostname="DESKTOP-6DRS0JN" failures="0" tests="1" name="org.quote.deskTopMDATests.BuyAutoInsurance" time="102.364" errors="0" timestamp="2 Mar 2022 15:32:12 GMT">
  <testcase classname="org.quote.deskTopMDATests.BuyAutoInsurance" name="validate_SiteURLs" time="102.364"/>
</testsuite> <!-- org.quote.deskTopMDATests.BuyAutoInsurance -->
