<?xml version="1.0" encoding="UTF-8"?>
<!-- Generated by org.testng.reporters.JUnitReportReporter -->
<testsuite hostname="DESKTOP-6DRS0JN" failures="0" tests="4" name="org.quote.deskTopMDATests.CarInsuranceComparison" time="1038.689" errors="0" timestamp="1 Mar 2022 18:52:29 GMT">
  <testcase classname="org.quote.deskTopMDATests.CarInsuranceComparison" name="validate_SiteURLs" time="259.948"/>
  <testcase classname="org.quote.deskTopMDATests.CarInsuranceComparison" name="validate_SiteURLs" time="261.209"/>
  <testcase classname="org.quote.deskTopMDATests.CarInsuranceComparison" name="validate_SiteURLs" time="283.684"/>
  <testcase classname="org.quote.deskTopMDATests.CarInsuranceComparison" name="validate_SiteURLs" time="233.848"/>
</testsuite> <!-- org.quote.deskTopMDATests.CarInsuranceComparison -->
