<?xml version="1.0" encoding="UTF-8"?>
<!-- Generated by org.testng.reporters.JUnitReportReporter -->
<testsuite hostname="DESKTOP-6DRS0JN" failures="0" tests="4" name="org.quote.deskTopMDATests.BroadformInsurance" time="495.041" errors="0" timestamp="1 Mar 2022 19:48:12 GMT">
  <testcase classname="org.quote.deskTopMDATests.BroadformInsurance" name="validate_SiteURLs" time="118.282"/>
  <testcase classname="org.quote.deskTopMDATests.BroadformInsurance" name="validate_SiteURLs" time="124.538"/>
  <testcase classname="org.quote.deskTopMDATests.BroadformInsurance" name="validate_SiteURLs" time="123.765"/>
  <testcase classname="org.quote.deskTopMDATests.BroadformInsurance" name="validate_SiteURLs" time="128.456"/>
</testsuite> <!-- org.quote.deskTopMDATests.BroadformInsurance -->
