<?xml version="1.0" encoding="UTF-8"?>
<!-- Generated by org.testng.reporters.JUnitReportReporter -->
<testsuite hostname="DESKTOP-6DRS0JN" failures="0" tests="1" name="org.quote.deskTopMDATests.SureBuyCarInsurance" time="160.836" errors="0" timestamp="21 Mar 2022 16:39:09 GMT">
  <testcase classname="org.quote.deskTopMDATests.SureBuyCarInsurance" name="validate_SiteURLs" time="160.836"/>
</testsuite> <!-- org.quote.deskTopMDATests.SureBuyCarInsurance -->
