<?xml version="1.0" encoding="UTF-8"?>
<!-- Generated by org.testng.reporters.JUnitReportReporter -->
<testsuite hostname="DESKTOP-6DRS0JN" failures="0" tests="2" name="org.temp.testNGdemo.TesSampleClass" time="0.008" errors="0" timestamp="9 Feb 2022 02:29:43 GMT">
  <testcase classname="org.temp.testNGdemo.TesSampleClass" name="testMergeStrings" time="0.007"/>
  <testcase classname="org.temp.testNGdemo.TesSampleClass" name="testMergeStringsWithDash" time="0.001"/>
</testsuite> <!-- org.temp.testNGdemo.TesSampleClass -->
