<?xml version="1.0" encoding="UTF-8"?>
<!-- Generated by org.testng.reporters.JUnitReportReporter -->
<testsuite hostname="DESKTOP-6DRS0JN" failures="0" tests="1" name="org.quote.mobileMDATests.CarInsuranceComparison" time="187.523" errors="0" timestamp="20 Feb 2022 06:41:12 GMT">
  <testcase classname="org.quote.mobileMDATests.CarInsuranceComparison" name="validate_SiteURLs" time="187.523"/>
</testsuite> <!-- org.quote.mobileMDATests.CarInsuranceComparison -->
