<?xml version="1.0" encoding="UTF-8"?>
<!-- Generated by org.testng.reporters.JUnitReportReporter -->
<testsuite hostname="DESKTOP-6DRS0JN" failures="0" tests="1" name="com.quote.dropDown.deskTopMDATests.UsInsuranceAgents" time="454.425" errors="0" timestamp="12 Mar 2022 02:37:15 GMT">
  <testcase classname="com.quote.dropDown.deskTopMDATests.UsInsuranceAgents" name="validate_SiteURLs" time="454.425"/>
</testsuite> <!-- com.quote.dropDown.deskTopMDATests.UsInsuranceAgents -->
