<?xml version="1.0" encoding="UTF-8"?>
<!-- Generated by org.testng.reporters.JUnitReportReporter -->
<testsuite hostname="DESKTOP-6DRS0JN" failures="0" tests="1" name="com.quote.dropDown.deskTopMDATests.ExpertInsuranceReviews" time="1506.496" errors="0" timestamp="10 Mar 2022 15:46:39 GMT">
  <testcase classname="com.quote.dropDown.deskTopMDATests.ExpertInsuranceReviews" name="validate_SiteURLs" time="1506.496"/>
</testsuite> <!-- com.quote.dropDown.deskTopMDATests.ExpertInsuranceReviews -->
