<?xml version="1.0" encoding="UTF-8"?>
<!-- Generated by org.testng.reporters.JUnitReportReporter -->
<testsuite hostname="DESKTOP-6DRS0JN" failures="0" tests="2" name="org.quote.mobileMDATests.AutoInsurance" time="267.158" errors="0" timestamp="21 Feb 2022 23:33:02 GMT">
  <testcase classname="org.quote.mobileMDATests.AutoInsurance" name="validate_SiteURLs" time="188.262"/>
  <testcase classname="org.quote.mobileMDATests.AutoInsurance" name="validate_SiteURLs" time="78.896"/>
</testsuite> <!-- org.quote.mobileMDATests.AutoInsurance -->
