<?xml version="1.0" encoding="UTF-8"?>
<!-- Generated by org.testng.reporters.JUnitReportReporter -->
<testsuite hostname="DESKTOP-6DRS0JN" failures="0" tests="4" name="org.quote.deskTopMDATests.CarInsurance" time="793.968" errors="0" timestamp="1 Mar 2022 20:15:57 GMT">
  <testcase classname="org.quote.deskTopMDATests.CarInsurance" name="validate_SiteURLs" time="186.705"/>
  <testcase classname="org.quote.deskTopMDATests.CarInsurance" name="validate_SiteURLs" time="192.110"/>
  <testcase classname="org.quote.deskTopMDATests.CarInsurance" name="validate_SiteURLs" time="201.577"/>
  <testcase classname="org.quote.deskTopMDATests.CarInsurance" name="validate_SiteURLs" time="213.576"/>
</testsuite> <!-- org.quote.deskTopMDATests.CarInsurance -->
