<?xml version="1.0" encoding="UTF-8"?>
<!-- Generated by org.testng.reporters.JUnitReportReporter -->
<testsuite hostname="DESKTOP-6DRS0JN" failures="0" tests="1" name="org.quote.mobileMDATests.MobileHomeInsuranceQuotes" time="194.708" errors="0" timestamp="22 Mar 2022 21:11:22 GMT">
  <testcase classname="org.quote.mobileMDATests.MobileHomeInsuranceQuotes" name="validate_SiteURLs" time="194.708"/>
</testsuite> <!-- org.quote.mobileMDATests.MobileHomeInsuranceQuotes -->
