<?xml version="1.0" encoding="UTF-8"?>
<!-- Generated by org.testng.reporters.JUnitReportReporter -->
<testsuite hostname="DESKTOP-6DRS0JN" failures="0" tests="4" name="org.quote.deskTopMDATests.AutoInsuranceez" time="759.752" errors="0" timestamp="1 Mar 2022 19:15:59 GMT">
  <testcase classname="org.quote.deskTopMDATests.AutoInsuranceez" name="validate_SiteURLs" time="193.946"/>
  <testcase classname="org.quote.deskTopMDATests.AutoInsuranceez" name="validate_SiteURLs" time="197.754"/>
  <testcase classname="org.quote.deskTopMDATests.AutoInsuranceez" name="validate_SiteURLs" time="193.855"/>
  <testcase classname="org.quote.deskTopMDATests.AutoInsuranceez" name="validate_SiteURLs" time="174.197"/>
</testsuite> <!-- org.quote.deskTopMDATests.AutoInsuranceez -->
