<?xml version="1.0" encoding="UTF-8"?>
<!-- Generated by org.testng.reporters.JUnitReportReporter -->
<testsuite hostname="DESKTOP-6DRS0JN" failures="0" tests="1" name="org.quote.mobileMDATests.BuyAutoInsurance" time="93.135" errors="0" timestamp="20 Feb 2022 06:41:12 GMT">
  <testcase classname="org.quote.mobileMDATests.BuyAutoInsurance" name="validate_SiteURLs" time="93.135"/>
</testsuite> <!-- org.quote.mobileMDATests.BuyAutoInsurance -->
