<?xml version="1.0" encoding="UTF-8"?>
<!-- Generated by org.testng.reporters.JUnitReportReporter -->
<testsuite hostname="DESKTOP-6DRS0JN" failures="0" tests="4" name="org.quote.deskTopMDATests.EffortlessInsurance" time="537.853" errors="0" timestamp="2 Mar 2022 14:25:24 GMT">
  <testcase classname="org.quote.deskTopMDATests.EffortlessInsurance" name="validate_SiteURLs" time="142.505"/>
  <testcase classname="org.quote.deskTopMDATests.EffortlessInsurance" name="validate_SiteURLs" time="147.172"/>
  <testcase classname="org.quote.deskTopMDATests.EffortlessInsurance" name="validate_SiteURLs" time="139.841"/>
  <testcase classname="org.quote.deskTopMDATests.EffortlessInsurance" name="validate_SiteURLs" time="108.335"/>
</testsuite> <!-- org.quote.deskTopMDATests.EffortlessInsurance -->
