<?xml version="1.0" encoding="UTF-8"?>
<!-- Generated by org.testng.reporters.JUnitReportReporter -->
<testsuite hostname="DESKTOP-6DRS0JN" failures="0" tests="4" name="org.quote.deskTopMDATests.AutoInsurance" time="856.874" errors="0" timestamp="1 Mar 2022 18:32:35 GMT">
  <testcase classname="org.quote.deskTopMDATests.AutoInsurance" name="validate_SiteURLs" time="193.544"/>
  <testcase classname="org.quote.deskTopMDATests.AutoInsurance" name="validate_SiteURLs" time="219.845"/>
  <testcase classname="org.quote.deskTopMDATests.AutoInsurance" name="validate_SiteURLs" time="228.229"/>
  <testcase classname="org.quote.deskTopMDATests.AutoInsurance" name="validate_SiteURLs" time="215.256"/>
</testsuite> <!-- org.quote.deskTopMDATests.AutoInsurance -->
